# JRE version: OpenJDK Runtime Environment (7.0_79-b14) (build 1.7.0_79-b14)
# Java VM: OpenJDK 64-Bit Server VM (24.79-b02 mixed mode linux-amd64 compressed oops)
Heap
 PSYoungGen      total 229888K, used 49648K [0x00000000eaa80000, 0x00000000fc500000, 0x0000000100000000)
  eden space 180224K, 0% used [0x00000000eaa80000,0x00000000eaa80000,0x00000000f5a80000)
  from space 49664K, 99% used [0x00000000f9480000,0x00000000fc4fc140,0x00000000fc500000)
  to   space 45056K, 0% used [0x00000000f5a80000,0x00000000f5a80000,0x00000000f8680000)
 ParOldGen       total 217600K, used 131966K [0x00000000c0000000, 0x00000000cd480000, 0x00000000eaa80000)
  object space 217600K, 60% used [0x00000000c0000000,0x00000000c80dfa68,0x00000000cd480000)
 PSPermGen       total 158208K, used 135601K [0x00000000b0000000, 0x00000000b9a80000, 0x00000000c0000000)
  object space 158208K, 85% used [0x00000000b0000000,0x00000000b846c740,0x00000000b9a80000)
GC Heap History (10 events):
Event: 797.942 GC heap after
Heap after GC invocations=28 (full 5):
 PSYoungGen      total 207872K, used 38376K [0x00000000eaa80000, 0x00000000fb780000, 0x0000000100000000)
  eden space 169472K, 0% used [0x00000000eaa80000,0x00000000eaa80000,0x00000000f5000000)
  from space 38400K, 99% used [0x00000000f5000000,0x00000000f757a258,0x00000000f7580000)
  to   space 47616K, 0% used [0x00000000f8900000,0x00000000f8900000,0x00000000fb780000)
 ParOldGen       total 130048K, used 101461K [0x00000000c0000000, 0x00000000c7f00000, 0x00000000eaa80000)
  object space 130048K, 78% used [0x00000000c0000000,0x00000000c6315778,0x00000000c7f00000)
 PSPermGen       total 121856K, used 108178K [0x00000000b0000000, 0x00000000b7700000, 0x00000000c0000000)
  object space 121856K, 88% used [0x00000000b0000000,0x00000000b69a4880,0x00000000b7700000)
}
Event: 802.247 GC heap before
{Heap before GC invocations=29 (full 5):
 PSYoungGen      total 207872K, used 114234K [0x00000000eaa80000, 0x00000000fb780000, 0x0000000100000000)
  eden space 169472K, 44% used [0x00000000eaa80000,0x00000000ef494628,0x00000000f5000000)
  from space 38400K, 99% used [0x00000000f5000000,0x00000000f757a258,0x00000000f7580000)
  to   space 47616K, 0% used [0x00000000f8900000,0x00000000f8900000,0x00000000fb780000)
 ParOldGen       total 130048K, used 101461K [0x00000000c0000000, 0x00000000c7f00000, 0x00000000eaa80000)
  object space 130048K, 78% used [0x00000000c0000000,0x00000000c6315778,0x00000000c7f00000)
 PSPermGen       total 121856K, used 110301K [0x00000000b0000000, 0x00000000b7700000, 0x00000000c0000000)
  object space 121856K, 90% used [0x00000000b0000000,0x00000000b6bb7540,0x00000000b7700000)
Event: 802.308 GC heap after
Heap after GC invocations=29 (full 5):
 PSYoungGen      total 222720K, used 18410K [0x00000000eaa80000, 0x00000000fb280000, 0x0000000100000000)
  eden space 180224K, 0% used [0x00000000eaa80000,0x00000000eaa80000,0x00000000f5a80000)
  from space 42496K, 43% used [0x00000000f8900000,0x00000000f9afa918,0x00000000fb280000)
  to   space 45056K, 0% used [0x00000000f5a80000,0x00000000f5a80000,0x00000000f8680000)
 ParOldGen       total 130048K, used 123992K [0x00000000c0000000, 0x00000000c7f00000, 0x00000000eaa80000)
  object space 130048K, 95% used [0x00000000c0000000,0x00000000c79163a8,0x00000000c7f00000)
 PSPermGen       total 121856K, used 110301K [0x00000000b0000000, 0x00000000b7700000, 0x00000000c0000000)
  object space 121856K, 90% used [0x00000000b0000000,0x00000000b6bb7540,0x00000000b7700000)
}
Event: 802.308 GC heap before
{Heap before GC invocations=30 (full 6):
 PSYoungGen      total 222720K, used 18410K [0x00000000eaa80000, 0x00000000fb280000, 0x0000000100000000)
  eden space 180224K, 0% used [0x00000000eaa80000,0x00000000eaa80000,0x00000000f5a80000)
  from space 42496K, 43% used [0x00000000f8900000,0x00000000f9afa918,0x00000000fb280000)
  to   space 45056K, 0% used [0x00000000f5a80000,0x00000000f5a80000,0x00000000f8680000)
 ParOldGen       total 130048K, used 123992K [0x00000000c0000000, 0x00000000c7f00000, 0x00000000eaa80000)
  object space 130048K, 95% used [0x00000000c0000000,0x00000000c79163a8,0x00000000c7f00000)
 PSPermGen       total 121856K, used 110301K [0x00000000b0000000, 0x00000000b7700000, 0x00000000c0000000)
  object space 121856K, 90% used [0x00000000b0000000,0x00000000b6bb7540,0x00000000b7700000)
Event: 803.884 GC heap after
Heap after GC invocations=30 (full 6):
 PSYoungGen      total 222720K, used 2870K [0x00000000eaa80000, 0x00000000fb280000, 0x0000000100000000)
  eden space 180224K, 0% used [0x00000000eaa80000,0x00000000eaa80000,0x00000000f5a80000)
  from space 42496K, 6% used [0x00000000f8900000,0x00000000f8bcdba8,0x00000000fb280000)
  to   space 45056K, 0% used [0x00000000f5a80000,0x00000000f5a80000,0x00000000f8680000)
 ParOldGen       total 130048K, used 130022K [0x00000000c0000000, 0x00000000c7f00000, 0x00000000eaa80000)
  object space 130048K, 99% used [0x00000000c0000000,0x00000000c7ef9bb8,0x00000000c7f00000)
 PSPermGen       total 151552K, used 110285K [0x00000000b0000000, 0x00000000b9400000, 0x00000000c0000000)
  object space 151552K, 72% used [0x00000000b0000000,0x00000000b6bb37e8,0x00000000b9400000)
}
Event: 889.229 GC heap before
{Heap before GC invocations=31 (full 7):
 PSYoungGen      total 222720K, used 183094K [0x00000000eaa80000, 0x00000000fb280000, 0x0000000100000000)
  eden space 180224K, 100% used [0x00000000eaa80000,0x00000000f5a80000,0x00000000f5a80000)
  from space 42496K, 6% used [0x00000000f8900000,0x00000000f8bcdba8,0x00000000fb280000)
  to   space 45056K, 0% used [0x00000000f5a80000,0x00000000f5a80000,0x00000000f8680000)
 ParOldGen       total 130048K, used 130022K [0x00000000c0000000, 0x00000000c7f00000, 0x00000000eaa80000)
  object space 130048K, 99% used [0x00000000c0000000,0x00000000c7ef9bb8,0x00000000c7f00000)
 PSPermGen       total 151552K, used 118403K [0x00000000b0000000, 0x00000000b9400000, 0x00000000c0000000)
  object space 151552K, 78% used [0x00000000b0000000,0x00000000b73a0e20,0x00000000b9400000)
Event: 890.505 GC heap after
Heap after GC invocations=31 (full 7):
 PSYoungGen      total 222720K, used 21593K [0x00000000eaa80000, 0x00000000fb280000, 0x0000000100000000)
  eden space 180224K, 11% used [0x00000000eaa80000,0x00000000ebf96440,0x00000000f5a80000)
  from space 42496K, 0% used [0x00000000f8900000,0x00000000f8900000,0x00000000fb280000)
  to   space 45056K, 0% used [0x00000000f5a80000,0x00000000f5a80000,0x00000000f8680000)
 ParOldGen       total 217600K, used 130005K [0x00000000c0000000, 0x00000000cd480000, 0x00000000eaa80000)
  object space 217600K, 59% used [0x00000000c0000000,0x00000000c7ef54e0,0x00000000cd480000)
 PSPermGen       total 158208K, used 118398K [0x00000000b0000000, 0x00000000b9a80000, 0x00000000c0000000)
  object space 158208K, 74% used [0x00000000b0000000,0x00000000b739f998,0x00000000b9a80000)
}
Event: 896.871 GC heap before
{Heap before GC invocations=32 (full 7):
 PSYoungGen      total 222720K, used 180224K [0x00000000eaa80000, 0x00000000fb280000, 0x0000000100000000)
  eden space 180224K, 100% used [0x00000000eaa80000,0x00000000f5a80000,0x00000000f5a80000)
  from space 42496K, 0% used [0x00000000f8900000,0x00000000f8900000,0x00000000fb280000)
  to   space 45056K, 0% used [0x00000000f5a80000,0x00000000f5a80000,0x00000000f8680000)
 ParOldGen       total 217600K, used 130005K [0x00000000c0000000, 0x00000000cd480000, 0x00000000eaa80000)
  object space 217600K, 59% used [0x00000000c0000000,0x00000000c7ef54e0,0x00000000cd480000)
 PSPermGen       total 158208K, used 126884K [0x00000000b0000000, 0x00000000b9a80000, 0x00000000c0000000)
  object space 158208K, 80% used [0x00000000b0000000,0x00000000b7be9378,0x00000000b9a80000)
Event: 897.023 GC heap after
Heap after GC invocations=32 (full 7):
 PSYoungGen      total 225280K, used 38781K [0x00000000eaa80000, 0x00000000fc500000, 0x0000000100000000)
  eden space 180224K, 0% used [0x00000000eaa80000,0x00000000eaa80000,0x00000000f5a80000)
  from space 45056K, 86% used [0x00000000f5a80000,0x00000000f805f7c0,0x00000000f8680000)
  to   space 49664K, 0% used [0x00000000f9480000,0x00000000f9480000,0x00000000fc500000)
 ParOldGen       total 217600K, used 130005K [0x00000000c0000000, 0x00000000cd480000, 0x00000000eaa80000)
  object space 217600K, 59% used [0x00000000c0000000,0x00000000c7ef54e0,0x00000000cd480000)
 PSPermGen       total 158208K, used 126884K [0x00000000b0000000, 0x00000000b9a80000, 0x00000000c0000000)
  object space 158208K, 80% used [0x00000000b0000000,0x00000000b7be9378,0x00000000b9a80000)
}
Event: 937.717 GC heap before
{Heap before GC invocations=33 (full 7):
 PSYoungGen      total 225280K, used 219005K [0x00000000eaa80000, 0x00000000fc500000, 0x0000000100000000)
  eden space 180224K, 100% used [0x00000000eaa80000,0x00000000f5a80000,0x00000000f5a80000)
  from space 45056K, 86% used [0x00000000f5a80000,0x00000000f805f7c0,0x00000000f8680000)
  to   space 49664K, 0% used [0x00000000f9480000,0x00000000f9480000,0x00000000fc500000)
 ParOldGen       total 217600K, used 130005K [0x00000000c0000000, 0x00000000cd480000, 0x00000000eaa80000)
  object space 217600K, 59% used [0x00000000c0000000,0x00000000c7ef54e0,0x00000000cd480000)
 PSPermGen       total 158208K, used 135601K [0x00000000b0000000, 0x00000000b9a80000, 0x00000000c0000000)
  object space 158208K, 85% used [0x00000000b0000000,0x00000000b846c740,0x00000000b9a80000)

